<?xml version="1.0" encoding="UTF-8"?>
<testng-results skipped="0" failed="1" total="10" passed="9">
  <reporter-output>
  </reporter-output>
  <suite name="mbl.api.Regression" duration-ms="99479" started-at="2017-05-05T19:55:00Z" finished-at="2017-05-05T19:56:39Z">
    <groups>
      <group name="Login">
        <method signature="Authentication.loginService()[pri:0, instance:com.pnc.mblapi.automation.api.Authentication@7ca48474]" name="loginService" class="com.pnc.mblapi.automation.api.Authentication"/>
      </group> <!-- Login -->
    </groups>
    <test name="Authentication" duration-ms="5606" started-at="2017-05-05T19:55:00Z" finished-at="2017-05-05T19:55:05Z">
      <class name="com.pnc.mblapi.automation.api.Authentication">
        <test-method status="PASS" signature="beforeTest()[pri:0, instance:com.pnc.mblapi.automation.api.Authentication@7ca48474]" name="beforeTest" is-config="true" duration-ms="18" started-at="2017-05-05T15:55:00Z" finished-at="2017-05-05T15:55:00Z">
          <reporter-output>
          </reporter-output>
        </test-method> <!-- beforeTest -->
        <test-method status="PASS" signature="loginService()[pri:0, instance:com.pnc.mblapi.automation.api.Authentication@7ca48474]" name="loginService" duration-ms="5575" started-at="2017-05-05T15:55:00Z" finished-at="2017-05-05T15:55:05Z">
          <reporter-output>
          </reporter-output>
        </test-method> <!-- loginService -->
        <test-method status="PASS" signature="afterTest()[pri:0, instance:com.pnc.mblapi.automation.api.Authentication@7ca48474]" name="afterTest" is-config="true" duration-ms="1" started-at="2017-05-05T15:55:05Z" finished-at="2017-05-05T15:55:05Z">
          <reporter-output>
          </reporter-output>
        </test-method> <!-- afterTest -->
      </class> <!-- com.pnc.mblapi.automation.api.Authentication -->
    </test> <!-- Authentication -->
    <test name="DeviceEnrollment" duration-ms="4246" started-at="2017-05-05T19:55:05Z" finished-at="2017-05-05T19:55:10Z">
      <class name="com.pnc.mblapi.automation.api.DeviceEnrollmentServiceTest">
        <test-method status="PASS" signature="beforeTest()[pri:0, instance:com.pnc.mblapi.automation.api.DeviceEnrollmentServiceTest@3c756e4d]" name="beforeTest" is-config="true" duration-ms="2829" started-at="2017-05-05T15:55:05Z" finished-at="2017-05-05T15:55:08Z">
          <reporter-output>
          </reporter-output>
        </test-method> <!-- beforeTest -->
        <test-method status="PASS" signature="verifyDeviceEnrollmentResponseStatus()[pri:1, instance:com.pnc.mblapi.automation.api.DeviceEnrollmentServiceTest@3c756e4d]" name="verifyDeviceEnrollmentResponseStatus" duration-ms="1324" started-at="2017-05-05T15:55:08Z" finished-at="2017-05-05T15:55:09Z">
          <reporter-output>
          </reporter-output>
        </test-method> <!-- verifyDeviceEnrollmentResponseStatus -->
        <test-method status="PASS" signature="verifyStatus()[pri:2, instance:com.pnc.mblapi.automation.api.DeviceEnrollmentServiceTest@3c756e4d]" name="verifyStatus" duration-ms="68" started-at="2017-05-05T15:55:09Z" depends-on-methods="com.pnc.mblapi.automation.api.DeviceEnrollmentServiceTest.verifyDeviceEnrollmentResponseStatus" finished-at="2017-05-05T15:55:10Z">
          <reporter-output>
          </reporter-output>
        </test-method> <!-- verifyStatus -->
        <test-method status="PASS" signature="verifyDeviceIdfromResponse()[pri:3, instance:com.pnc.mblapi.automation.api.DeviceEnrollmentServiceTest@3c756e4d]" name="verifyDeviceIdfromResponse" duration-ms="21" started-at="2017-05-05T15:55:10Z" depends-on-methods="com.pnc.mblapi.automation.api.DeviceEnrollmentServiceTest.verifyStatus" finished-at="2017-05-05T15:55:10Z">
          <reporter-output>
          </reporter-output>
        </test-method> <!-- verifyDeviceIdfromResponse -->
        <test-method status="PASS" signature="afterTest()[pri:0, instance:com.pnc.mblapi.automation.api.DeviceEnrollmentServiceTest@3c756e4d]" name="afterTest" is-config="true" duration-ms="0" started-at="2017-05-05T15:55:10Z" finished-at="2017-05-05T15:55:10Z">
          <reporter-output>
          </reporter-output>
        </test-method> <!-- afterTest -->
      </class> <!-- com.pnc.mblapi.automation.api.DeviceEnrollmentServiceTest -->
    </test> <!-- DeviceEnrollment -->
    <test name="CardService" duration-ms="40500" started-at="2017-05-05T19:55:10Z" finished-at="2017-05-05T19:55:50Z">
      <class name="com.pnc.mblapi.automation.api.CardServiceTest">
        <test-method status="PASS" signature="beforeTest()[pri:0, instance:com.pnc.mblapi.automation.api.CardServiceTest@7ac7a4e4]" name="beforeTest" is-config="true" duration-ms="4093" started-at="2017-05-05T15:55:10Z" finished-at="2017-05-05T15:55:14Z">
          <reporter-output>
          </reporter-output>
        </test-method> <!-- beforeTest -->
        <test-method status="PASS" signature="verifyCardServiceResponseStatusCode()[pri:1, instance:com.pnc.mblapi.automation.api.CardServiceTest@7ac7a4e4]" name="verifyCardServiceResponseStatusCode" duration-ms="36402" started-at="2017-05-05T15:55:14Z" finished-at="2017-05-05T15:55:50Z">
          <reporter-output>
          </reporter-output>
        </test-method> <!-- verifyCardServiceResponseStatusCode -->
        <test-method status="PASS" signature="verifyResponseStatus()[pri:2, instance:com.pnc.mblapi.automation.api.CardServiceTest@7ac7a4e4]" name="verifyResponseStatus" duration-ms="4" started-at="2017-05-05T15:55:50Z" depends-on-methods="com.pnc.mblapi.automation.api.CardServiceTest.verifyCardServiceResponseStatusCode" finished-at="2017-05-05T15:55:50Z">
          <reporter-output>
          </reporter-output>
        </test-method> <!-- verifyResponseStatus -->
      </class> <!-- com.pnc.mblapi.automation.api.CardServiceTest -->
    </test> <!-- CardService -->
    <test name="CardEnrollable" duration-ms="39771" started-at="2017-05-05T19:55:50Z" finished-at="2017-05-05T19:56:30Z">
      <class name="com.pnc.mblapi.automation.api.CardEnrollableTest">
        <test-method status="PASS" signature="beforeTest()[pri:0, instance:com.pnc.mblapi.automation.api.CardEnrollableTest@5dfcfece]" name="beforeTest" is-config="true" duration-ms="3260" started-at="2017-05-05T15:55:50Z" finished-at="2017-05-05T15:55:53Z">
          <reporter-output>
          </reporter-output>
        </test-method> <!-- beforeTest -->
        <test-method status="PASS" signature="verifyCardEnrollableResponseStatusCodeTest()[pri:1, instance:com.pnc.mblapi.automation.api.CardEnrollableTest@5dfcfece]" name="verifyCardEnrollableResponseStatusCodeTest" duration-ms="36504" started-at="2017-05-05T15:55:53Z" finished-at="2017-05-05T15:56:30Z">
          <reporter-output>
          </reporter-output>
        </test-method> <!-- verifyCardEnrollableResponseStatusCodeTest -->
        <test-method status="PASS" signature="verifyStatusOfResponse()[pri:2, instance:com.pnc.mblapi.automation.api.CardEnrollableTest@5dfcfece]" name="verifyStatusOfResponse" duration-ms="5" started-at="2017-05-05T15:56:30Z" depends-on-methods="com.pnc.mblapi.automation.api.CardEnrollableTest.verifyCardEnrollableResponseStatusCodeTest" finished-at="2017-05-05T15:56:30Z">
          <reporter-output>
          </reporter-output>
        </test-method> <!-- verifyStatusOfResponse -->
        <test-method status="PASS" signature="afterTest()[pri:0, instance:com.pnc.mblapi.automation.api.CardEnrollableTest@5dfcfece]" name="afterTest" is-config="true" duration-ms="1" started-at="2017-05-05T15:56:30Z" finished-at="2017-05-05T15:56:30Z">
          <reporter-output>
          </reporter-output>
        </test-method> <!-- afterTest -->
      </class> <!-- com.pnc.mblapi.automation.api.CardEnrollableTest -->
    </test> <!-- CardEnrollable -->
    <test name="CardEnrollment" duration-ms="9320" started-at="2017-05-05T19:56:30Z" finished-at="2017-05-05T19:56:39Z">
      <class name="com.pnc.mblapi.automation.api.CardEnrollmentServiceTest">
        <test-method status="PASS" signature="beforeTest()[pri:0, instance:com.pnc.mblapi.automation.api.CardEnrollmentServiceTest@2ef5e5e3]" name="beforeTest" is-config="true" duration-ms="4730" started-at="2017-05-05T15:56:30Z" finished-at="2017-05-05T15:56:35Z">
          <reporter-output>
          </reporter-output>
        </test-method> <!-- beforeTest -->
        <test-method status="PASS" signature="verifyCardEnrollmentResponseStatusTest()[pri:1, instance:com.pnc.mblapi.automation.api.CardEnrollmentServiceTest@2ef5e5e3]" name="verifyCardEnrollmentResponseStatusTest" duration-ms="4468" started-at="2017-05-05T15:56:35Z" finished-at="2017-05-05T15:56:39Z">
          <reporter-output>
          </reporter-output>
        </test-method> <!-- verifyCardEnrollmentResponseStatusTest -->
        <test-method status="FAIL" signature="verifyCardEnrollmentStatus()[pri:2, instance:com.pnc.mblapi.automation.api.CardEnrollmentServiceTest@2ef5e5e3]" name="verifyCardEnrollmentStatus" duration-ms="111" started-at="2017-05-05T15:56:39Z" depends-on-methods="com.pnc.mblapi.automation.api.CardEnrollmentServiceTest.verifyCardEnrollmentResponseStatusTest" finished-at="2017-05-05T15:56:39Z">
          <exception class="java.lang.IllegalArgumentException">
            <message>
              <![CDATA[Cannot get property 'status' on null object]]>
            </message>
            <full-stacktrace>
              <![CDATA[java.lang.IllegalArgumentException: Cannot get property 'status' on null object
	at sun.reflect.NativeConstructorAccessorImpl.newInstance0(Native Method)
	at sun.reflect.NativeConstructorAccessorImpl.newInstance(NativeConstructorAccessorImpl.java:62)
	at sun.reflect.DelegatingConstructorAccessorImpl.newInstance(DelegatingConstructorAccessorImpl.java:45)
	at java.lang.reflect.Constructor.newInstance(Constructor.java:423)
	at org.codehaus.groovy.reflection.CachedConstructor.invoke(CachedConstructor.java:83)
	at org.codehaus.groovy.runtime.callsite.ConstructorSite$ConstructorSiteNoUnwrapNoCoerce.callConstructor(ConstructorSite.java:105)
	at org.codehaus.groovy.runtime.callsite.CallSiteArray.defaultCallConstructor(CallSiteArray.java:60)
	at org.codehaus.groovy.runtime.callsite.AbstractCallSite.callConstructor(AbstractCallSite.java:235)
	at org.codehaus.groovy.runtime.callsite.AbstractCallSite.callConstructor(AbstractCallSite.java:255)
	at com.jayway.restassured.internal.path.json.JSONAssertion.getAsJsonObject(JSONAssertion.groovy:53)
	at com.jayway.restassured.internal.path.json.JSONAssertion$getAsJsonObject.callCurrent(Unknown Source)
	at com.jayway.restassured.internal.path.json.JSONAssertion.getResult(JSONAssertion.groovy:28)
	at com.jayway.restassured.path.json.JsonPath.get(JsonPath.java:202)
	at com.pnc.mblapi.automation.api.CardEnrollmentApi.getCardEnrollmentStatus(CardEnrollmentApi.java:92)
	at com.pnc.mblapi.automation.api.CardEnrollmentServiceTest.verifyCardEnrollmentStatus(CardEnrollmentServiceTest.java:40)
	at sun.reflect.NativeMethodAccessorImpl.invoke0(Native Method)
	at sun.reflect.NativeMethodAccessorImpl.invoke(NativeMethodAccessorImpl.java:62)
	at sun.reflect.DelegatingMethodAccessorImpl.invoke(DelegatingMethodAccessorImpl.java:43)
	at java.lang.reflect.Method.invoke(Method.java:498)
	at org.testng.internal.MethodInvocationHelper.invokeMethod(MethodInvocationHelper.java:86)
	at org.testng.internal.Invoker.invokeMethod(Invoker.java:643)
	at org.testng.internal.Invoker.invokeTestMethod(Invoker.java:820)
	at org.testng.internal.Invoker.invokeTestMethods(Invoker.java:1128)
	at org.testng.internal.TestMethodWorker.invokeTestMethods(TestMethodWorker.java:129)
	at org.testng.internal.TestMethodWorker.run(TestMethodWorker.java:112)
	at org.testng.TestRunner.privateRun(TestRunner.java:782)
	at org.testng.TestRunner.run(TestRunner.java:632)
	at org.testng.SuiteRunner.runTest(SuiteRunner.java:366)
	at org.testng.SuiteRunner.runSequentially(SuiteRunner.java:361)
	at org.testng.SuiteRunner.privateRun(SuiteRunner.java:319)
	at org.testng.SuiteRunner.run(SuiteRunner.java:268)
	at org.testng.SuiteRunnerWorker.runSuite(SuiteRunnerWorker.java:52)
	at org.testng.SuiteRunnerWorker.run(SuiteRunnerWorker.java:86)
	at org.testng.TestNG.runSuitesSequentially(TestNG.java:1244)
	at org.testng.TestNG.runSuitesLocally(TestNG.java:1169)
	at org.testng.TestNG.run(TestNG.java:1064)
	at org.testng.IDEARemoteTestNG.run(IDEARemoteTestNG.java:72)
	at org.testng.RemoteTestNGStarter.main(RemoteTestNGStarter.java:127)
Caused by: java.lang.NullPointerException: Cannot get property 'status' on null object
	at org.codehaus.groovy.runtime.NullObject.getProperty(NullObject.java:60)
	at org.codehaus.groovy.runtime.InvokerHelper.getProperty(InvokerHelper.java:172)
	at org.codehaus.groovy.runtime.callsite.NullCallSite.getProperty(NullCallSite.java:47)
	at org.codehaus.groovy.runtime.callsite.AbstractCallSite.callGetProperty(AbstractCallSite.java:296)
	at Script1.run(Script1.groovy:1)
	at groovy.lang.GroovyShell.evaluate(GroovyShell.java:585)
	at groovy.lang.GroovyShell.evaluate(GroovyShell.java:623)
	at groovy.lang.GroovyShell.evaluate(GroovyShell.java:594)
	at sun.reflect.NativeMethodAccessorImpl.invoke0(Native Method)
	at sun.reflect.NativeMethodAccessorImpl.invoke(NativeMethodAccessorImpl.java:62)
	at sun.reflect.DelegatingMethodAccessorImpl.invoke(DelegatingMethodAccessorImpl.java:43)
	at java.lang.reflect.Method.invoke(Method.java:498)
	at org.codehaus.groovy.runtime.callsite.PogoMetaMethodSite$PogoCachedMethodSiteNoUnwrap.invoke(PogoMetaMethodSite.java:190)
	at org.codehaus.groovy.runtime.callsite.PogoMetaMethodSite.call(PogoMetaMethodSite.java:71)
	at org.codehaus.groovy.runtime.callsite.AbstractCallSite.call(AbstractCallSite.java:125)
	at com.jayway.restassured.internal.path.json.JSONAssertion.eval(JSONAssertion.groovy:76)
	at sun.reflect.NativeMethodAccessorImpl.invoke0(Native Method)
	at sun.reflect.NativeMethodAccessorImpl.invoke(NativeMethodAccessorImpl.java:62)
	at sun.reflect.DelegatingMethodAccessorImpl.invoke(DelegatingMethodAccessorImpl.java:43)
	at java.lang.reflect.Method.invoke(Method.java:498)
	at org.codehaus.groovy.runtime.callsite.PogoMetaMethodSite$PogoCachedMethodSiteNoUnwrapNoCoerce.invoke(PogoMetaMethodSite.java:210)
	at org.codehaus.groovy.runtime.callsite.PogoMetaMethodSite.callCurrent(PogoMetaMethodSite.java:59)
	at org.codehaus.groovy.runtime.callsite.AbstractCallSite.callCurrent(AbstractCallSite.java:182)
	at com.jayway.restassured.internal.path.json.JSONAssertion.getAsJsonObject(JSONAssertion.groovy:46)
	... 28 more
]]>
            </full-stacktrace>
          </exception> <!-- java.lang.IllegalArgumentException -->
          <reporter-output>
          </reporter-output>
        </test-method> <!-- verifyCardEnrollmentStatus -->
      </class> <!-- com.pnc.mblapi.automation.api.CardEnrollmentServiceTest -->
    </test> <!-- CardEnrollment -->
  </suite> <!-- mbl.api.Regression -->
</testng-results>
